[2020-11-03T20:48:08.441Z][QUERY]: START TRANSACTION
[2020-11-03T20:48:08.443Z][QUERY]: SELECT DATABASE() AS `db_name`
[2020-11-03T20:48:08.444Z][QUERY]: SELECT * FROM `INFORMATION_SCHEMA`.`TABLES` WHERE (`TABLE_SCHEMA` = 'nuber' AND `TABLE_NAME` = 'user')
[2020-11-03T20:48:08.445Z][QUERY]: SELECT * FROM `INFORMATION_SCHEMA`.`COLUMNS` WHERE (`TABLE_SCHEMA` = 'nuber' AND `TABLE_NAME` = 'user')
[2020-11-03T20:48:08.445Z][QUERY]: SELECT * FROM `INFORMATION_SCHEMA`.`KEY_COLUMN_USAGE` WHERE `CONSTRAINT_NAME` = 'PRIMARY' AND ((`TABLE_SCHEMA` = 'nuber' AND `TABLE_NAME` = 'user'))
[2020-11-03T20:48:08.445Z][QUERY]: SELECT `SCHEMA_NAME`, `DEFAULT_CHARACTER_SET_NAME` as `CHARSET`, `DEFAULT_COLLATION_NAME` AS `COLLATION` FROM `INFORMATION_SCHEMA`.`SCHEMATA`
[2020-11-03T20:48:08.445Z][QUERY]: SELECT `s`.* FROM `INFORMATION_SCHEMA`.`STATISTICS` `s` LEFT JOIN `INFORMATION_SCHEMA`.`REFERENTIAL_CONSTRAINTS` `rc` ON `s`.`INDEX_NAME` = `rc`.`CONSTRAINT_NAME` AND `s`.`TABLE_SCHEMA` = `rc`.`CONSTRAINT_SCHEMA`WHERE ((`s`.`TABLE_SCHEMA` = 'nuber' AND `s`.`TABLE_NAME` = 'user')) AND `s`.`INDEX_NAME` != 'PRIMARY' AND `rc`.`CONSTRAINT_NAME` IS NULL
[2020-11-03T20:48:08.445Z][QUERY]: SELECT `kcu`.`TABLE_SCHEMA`, `kcu`.`TABLE_NAME`, `kcu`.`CONSTRAINT_NAME`, `kcu`.`COLUMN_NAME`, `kcu`.`REFERENCED_TABLE_SCHEMA`, `kcu`.`REFERENCED_TABLE_NAME`, `kcu`.`REFERENCED_COLUMN_NAME`, `rc`.`DELETE_RULE` `ON_DELETE`, `rc`.`UPDATE_RULE` `ON_UPDATE` FROM `INFORMATION_SCHEMA`.`KEY_COLUMN_USAGE` `kcu` INNER JOIN `INFORMATION_SCHEMA`.`REFERENTIAL_CONSTRAINTS` `rc` ON `rc`.`constraint_name` = `kcu`.`constraint_name` WHERE (`kcu`.`TABLE_SCHEMA` = 'nuber' AND `kcu`.`TABLE_NAME` = 'user')
[2020-11-03T20:48:08.464Z][QUERY]: SELECT * FROM `INFORMATION_SCHEMA`.`COLUMNS` WHERE `TABLE_SCHEMA` = 'nuber' AND `TABLE_NAME` = 'typeorm_metadata'
[2020-11-03T20:48:08.469Z][QUERY]: CREATE TABLE `user` (`id` int NOT NULL AUTO_INCREMENT, `email` text NOT NULL, `isEmailVerified` tinyint NOT NULL DEFAULT 0, `isPhoneVerified` tinyint NOT NULL DEFAULT 0, `firstName` text NOT NULL, `lastName` text NOT NULL, `age` int NOT NULL, `password` text NOT NULL, `phoneNumber` text NOT NULL, `profilePhoto` text NOT NULL, `updatedAt` datetime(6) NOT NULL DEFAULT CURRENT_TIMESTAMP(6), `createdAt` datetime(6) NOT NULL DEFAULT CURRENT_TIMESTAMP(6), `isDriving` tinyint NOT NULL DEFAULT 0, `isRiding` tinyint NOT NULL DEFAULT 0, `isTaken` tinyint NOT NULL DEFAULT 0, `lastLng` double NOT NULL, `lastLat` double NOT NULL, `lastOrientation` double NOT NULL, UNIQUE INDEX `IDX_e12875dfb3b1d92d7d7c5377e2` (`email`), PRIMARY KEY (`id`)) ENGINE=InnoDB
[2020-11-03T20:48:08.497Z][FAILED QUERY]: CREATE TABLE `user` (`id` int NOT NULL AUTO_INCREMENT, `email` text NOT NULL, `isEmailVerified` tinyint NOT NULL DEFAULT 0, `isPhoneVerified` tinyint NOT NULL DEFAULT 0, `firstName` text NOT NULL, `lastName` text NOT NULL, `age` int NOT NULL, `password` text NOT NULL, `phoneNumber` text NOT NULL, `profilePhoto` text NOT NULL, `updatedAt` datetime(6) NOT NULL DEFAULT CURRENT_TIMESTAMP(6), `createdAt` datetime(6) NOT NULL DEFAULT CURRENT_TIMESTAMP(6), `isDriving` tinyint NOT NULL DEFAULT 0, `isRiding` tinyint NOT NULL DEFAULT 0, `isTaken` tinyint NOT NULL DEFAULT 0, `lastLng` double NOT NULL, `lastLat` double NOT NULL, `lastOrientation` double NOT NULL, UNIQUE INDEX `IDX_e12875dfb3b1d92d7d7c5377e2` (`email`), PRIMARY KEY (`id`)) ENGINE=InnoDB
[2020-11-03T20:48:08.497Z][QUERY ERROR]: Error: ER_BLOB_KEY_WITHOUT_LENGTH: BLOB/TEXT column 'email' used in key specification without a key length
[2020-11-03T20:48:08.498Z][QUERY]: ROLLBACK
[2020-11-03T20:50:27.289Z][QUERY]: START TRANSACTION
[2020-11-03T20:50:27.290Z][QUERY]: SELECT DATABASE() AS `db_name`
[2020-11-03T20:50:27.292Z][QUERY]: SELECT * FROM `INFORMATION_SCHEMA`.`TABLES` WHERE (`TABLE_SCHEMA` = 'nuber' AND `TABLE_NAME` = 'user')
[2020-11-03T20:50:27.292Z][QUERY]: SELECT * FROM `INFORMATION_SCHEMA`.`COLUMNS` WHERE (`TABLE_SCHEMA` = 'nuber' AND `TABLE_NAME` = 'user')
[2020-11-03T20:50:27.292Z][QUERY]: SELECT * FROM `INFORMATION_SCHEMA`.`KEY_COLUMN_USAGE` WHERE `CONSTRAINT_NAME` = 'PRIMARY' AND ((`TABLE_SCHEMA` = 'nuber' AND `TABLE_NAME` = 'user'))
[2020-11-03T20:50:27.292Z][QUERY]: SELECT `SCHEMA_NAME`, `DEFAULT_CHARACTER_SET_NAME` as `CHARSET`, `DEFAULT_COLLATION_NAME` AS `COLLATION` FROM `INFORMATION_SCHEMA`.`SCHEMATA`
[2020-11-03T20:50:27.292Z][QUERY]: SELECT `s`.* FROM `INFORMATION_SCHEMA`.`STATISTICS` `s` LEFT JOIN `INFORMATION_SCHEMA`.`REFERENTIAL_CONSTRAINTS` `rc` ON `s`.`INDEX_NAME` = `rc`.`CONSTRAINT_NAME` AND `s`.`TABLE_SCHEMA` = `rc`.`CONSTRAINT_SCHEMA`WHERE ((`s`.`TABLE_SCHEMA` = 'nuber' AND `s`.`TABLE_NAME` = 'user')) AND `s`.`INDEX_NAME` != 'PRIMARY' AND `rc`.`CONSTRAINT_NAME` IS NULL
[2020-11-03T20:50:27.292Z][QUERY]: SELECT `kcu`.`TABLE_SCHEMA`, `kcu`.`TABLE_NAME`, `kcu`.`CONSTRAINT_NAME`, `kcu`.`COLUMN_NAME`, `kcu`.`REFERENCED_TABLE_SCHEMA`, `kcu`.`REFERENCED_TABLE_NAME`, `kcu`.`REFERENCED_COLUMN_NAME`, `rc`.`DELETE_RULE` `ON_DELETE`, `rc`.`UPDATE_RULE` `ON_UPDATE` FROM `INFORMATION_SCHEMA`.`KEY_COLUMN_USAGE` `kcu` INNER JOIN `INFORMATION_SCHEMA`.`REFERENTIAL_CONSTRAINTS` `rc` ON `rc`.`constraint_name` = `kcu`.`constraint_name` WHERE (`kcu`.`TABLE_SCHEMA` = 'nuber' AND `kcu`.`TABLE_NAME` = 'user')
[2020-11-03T20:50:27.299Z][QUERY]: SELECT * FROM `INFORMATION_SCHEMA`.`COLUMNS` WHERE `TABLE_SCHEMA` = 'nuber' AND `TABLE_NAME` = 'typeorm_metadata'
[2020-11-03T20:50:27.303Z][QUERY]: CREATE TABLE `user` (`id` int NOT NULL AUTO_INCREMENT, `email` text NOT NULL, `isEmailVerified` tinyint NOT NULL DEFAULT 0, `isPhoneVerified` tinyint NOT NULL DEFAULT 0, `firstName` text NOT NULL, `lastName` text NOT NULL, `age` int NOT NULL, `password` text NOT NULL, `phoneNumber` text NOT NULL, `profilePhoto` text NOT NULL, `updatedAt` datetime(6) NOT NULL DEFAULT CURRENT_TIMESTAMP(6), `createdAt` datetime(6) NOT NULL DEFAULT CURRENT_TIMESTAMP(6), `isDriving` tinyint NOT NULL DEFAULT 0, `isRiding` tinyint NOT NULL DEFAULT 0, `isTaken` tinyint NOT NULL DEFAULT 0, `lastLng` double NOT NULL, `lastLat` double NOT NULL, `lastOrientation` double NOT NULL, UNIQUE INDEX `IDX_e12875dfb3b1d92d7d7c5377e2` (`email`), PRIMARY KEY (`id`)) ENGINE=InnoDB
[2020-11-03T20:50:27.337Z][FAILED QUERY]: CREATE TABLE `user` (`id` int NOT NULL AUTO_INCREMENT, `email` text NOT NULL, `isEmailVerified` tinyint NOT NULL DEFAULT 0, `isPhoneVerified` tinyint NOT NULL DEFAULT 0, `firstName` text NOT NULL, `lastName` text NOT NULL, `age` int NOT NULL, `password` text NOT NULL, `phoneNumber` text NOT NULL, `profilePhoto` text NOT NULL, `updatedAt` datetime(6) NOT NULL DEFAULT CURRENT_TIMESTAMP(6), `createdAt` datetime(6) NOT NULL DEFAULT CURRENT_TIMESTAMP(6), `isDriving` tinyint NOT NULL DEFAULT 0, `isRiding` tinyint NOT NULL DEFAULT 0, `isTaken` tinyint NOT NULL DEFAULT 0, `lastLng` double NOT NULL, `lastLat` double NOT NULL, `lastOrientation` double NOT NULL, UNIQUE INDEX `IDX_e12875dfb3b1d92d7d7c5377e2` (`email`), PRIMARY KEY (`id`)) ENGINE=InnoDB
[2020-11-03T20:50:27.337Z][QUERY ERROR]: Error: ER_BLOB_KEY_WITHOUT_LENGTH: BLOB/TEXT column 'email' used in key specification without a key length
[2020-11-03T20:50:27.338Z][QUERY]: ROLLBACK
[2020-11-03T20:51:11.758Z][QUERY]: START TRANSACTION
[2020-11-03T20:51:11.760Z][QUERY]: SELECT DATABASE() AS `db_name`
[2020-11-03T20:51:11.761Z][QUERY]: SELECT * FROM `INFORMATION_SCHEMA`.`TABLES` WHERE (`TABLE_SCHEMA` = 'nuber' AND `TABLE_NAME` = 'user')
[2020-11-03T20:51:11.761Z][QUERY]: SELECT * FROM `INFORMATION_SCHEMA`.`COLUMNS` WHERE (`TABLE_SCHEMA` = 'nuber' AND `TABLE_NAME` = 'user')
[2020-11-03T20:51:11.762Z][QUERY]: SELECT * FROM `INFORMATION_SCHEMA`.`KEY_COLUMN_USAGE` WHERE `CONSTRAINT_NAME` = 'PRIMARY' AND ((`TABLE_SCHEMA` = 'nuber' AND `TABLE_NAME` = 'user'))
[2020-11-03T20:51:11.762Z][QUERY]: SELECT `SCHEMA_NAME`, `DEFAULT_CHARACTER_SET_NAME` as `CHARSET`, `DEFAULT_COLLATION_NAME` AS `COLLATION` FROM `INFORMATION_SCHEMA`.`SCHEMATA`
[2020-11-03T20:51:11.762Z][QUERY]: SELECT `s`.* FROM `INFORMATION_SCHEMA`.`STATISTICS` `s` LEFT JOIN `INFORMATION_SCHEMA`.`REFERENTIAL_CONSTRAINTS` `rc` ON `s`.`INDEX_NAME` = `rc`.`CONSTRAINT_NAME` AND `s`.`TABLE_SCHEMA` = `rc`.`CONSTRAINT_SCHEMA`WHERE ((`s`.`TABLE_SCHEMA` = 'nuber' AND `s`.`TABLE_NAME` = 'user')) AND `s`.`INDEX_NAME` != 'PRIMARY' AND `rc`.`CONSTRAINT_NAME` IS NULL
[2020-11-03T20:51:11.762Z][QUERY]: SELECT `kcu`.`TABLE_SCHEMA`, `kcu`.`TABLE_NAME`, `kcu`.`CONSTRAINT_NAME`, `kcu`.`COLUMN_NAME`, `kcu`.`REFERENCED_TABLE_SCHEMA`, `kcu`.`REFERENCED_TABLE_NAME`, `kcu`.`REFERENCED_COLUMN_NAME`, `rc`.`DELETE_RULE` `ON_DELETE`, `rc`.`UPDATE_RULE` `ON_UPDATE` FROM `INFORMATION_SCHEMA`.`KEY_COLUMN_USAGE` `kcu` INNER JOIN `INFORMATION_SCHEMA`.`REFERENTIAL_CONSTRAINTS` `rc` ON `rc`.`constraint_name` = `kcu`.`constraint_name` WHERE (`kcu`.`TABLE_SCHEMA` = 'nuber' AND `kcu`.`TABLE_NAME` = 'user')
[2020-11-03T20:51:11.771Z][QUERY]: SELECT * FROM `INFORMATION_SCHEMA`.`COLUMNS` WHERE `TABLE_SCHEMA` = 'nuber' AND `TABLE_NAME` = 'typeorm_metadata'
[2020-11-03T20:51:11.775Z][QUERY]: CREATE TABLE `user` (`id` int NOT NULL AUTO_INCREMENT, `email` text NOT NULL, `isEmailVerified` tinyint NOT NULL DEFAULT 0, `isPhoneVerified` tinyint NOT NULL DEFAULT 0, `firstName` text NOT NULL, `lastName` text NOT NULL, `age` int NOT NULL, `password` text NOT NULL, `phoneNumber` text NOT NULL, `profilePhoto` text NOT NULL, `updatedAt` datetime(6) NOT NULL DEFAULT CURRENT_TIMESTAMP(6), `createdAt` datetime(6) NOT NULL DEFAULT CURRENT_TIMESTAMP(6), `isDriving` tinyint NOT NULL DEFAULT 0, `isRiding` tinyint NOT NULL DEFAULT 0, `isTaken` tinyint NOT NULL DEFAULT 0, `lastLng` double NOT NULL, `lastLat` double NOT NULL, `lastOrientation` double NOT NULL, UNIQUE INDEX `IDX_e12875dfb3b1d92d7d7c5377e2` (`email`), PRIMARY KEY (`id`)) ENGINE=InnoDB
[2020-11-03T20:51:11.816Z][FAILED QUERY]: CREATE TABLE `user` (`id` int NOT NULL AUTO_INCREMENT, `email` text NOT NULL, `isEmailVerified` tinyint NOT NULL DEFAULT 0, `isPhoneVerified` tinyint NOT NULL DEFAULT 0, `firstName` text NOT NULL, `lastName` text NOT NULL, `age` int NOT NULL, `password` text NOT NULL, `phoneNumber` text NOT NULL, `profilePhoto` text NOT NULL, `updatedAt` datetime(6) NOT NULL DEFAULT CURRENT_TIMESTAMP(6), `createdAt` datetime(6) NOT NULL DEFAULT CURRENT_TIMESTAMP(6), `isDriving` tinyint NOT NULL DEFAULT 0, `isRiding` tinyint NOT NULL DEFAULT 0, `isTaken` tinyint NOT NULL DEFAULT 0, `lastLng` double NOT NULL, `lastLat` double NOT NULL, `lastOrientation` double NOT NULL, UNIQUE INDEX `IDX_e12875dfb3b1d92d7d7c5377e2` (`email`), PRIMARY KEY (`id`)) ENGINE=InnoDB
[2020-11-03T20:51:11.816Z][QUERY ERROR]: Error: ER_BLOB_KEY_WITHOUT_LENGTH: BLOB/TEXT column 'email' used in key specification without a key length
[2020-11-03T20:51:11.817Z][QUERY]: ROLLBACK
[2020-11-03T21:54:32.913Z][QUERY]: START TRANSACTION
[2020-11-03T21:54:32.915Z][QUERY]: SELECT DATABASE() AS `db_name`
[2020-11-03T21:54:32.916Z][QUERY]: SELECT * FROM `INFORMATION_SCHEMA`.`TABLES` WHERE (`TABLE_SCHEMA` = 'nuber' AND `TABLE_NAME` = 'user')
[2020-11-03T21:54:32.916Z][QUERY]: SELECT * FROM `INFORMATION_SCHEMA`.`COLUMNS` WHERE (`TABLE_SCHEMA` = 'nuber' AND `TABLE_NAME` = 'user')
[2020-11-03T21:54:32.917Z][QUERY]: SELECT * FROM `INFORMATION_SCHEMA`.`KEY_COLUMN_USAGE` WHERE `CONSTRAINT_NAME` = 'PRIMARY' AND ((`TABLE_SCHEMA` = 'nuber' AND `TABLE_NAME` = 'user'))
[2020-11-03T21:54:32.917Z][QUERY]: SELECT `SCHEMA_NAME`, `DEFAULT_CHARACTER_SET_NAME` as `CHARSET`, `DEFAULT_COLLATION_NAME` AS `COLLATION` FROM `INFORMATION_SCHEMA`.`SCHEMATA`
[2020-11-03T21:54:32.917Z][QUERY]: SELECT `s`.* FROM `INFORMATION_SCHEMA`.`STATISTICS` `s` LEFT JOIN `INFORMATION_SCHEMA`.`REFERENTIAL_CONSTRAINTS` `rc` ON `s`.`INDEX_NAME` = `rc`.`CONSTRAINT_NAME` AND `s`.`TABLE_SCHEMA` = `rc`.`CONSTRAINT_SCHEMA`WHERE ((`s`.`TABLE_SCHEMA` = 'nuber' AND `s`.`TABLE_NAME` = 'user')) AND `s`.`INDEX_NAME` != 'PRIMARY' AND `rc`.`CONSTRAINT_NAME` IS NULL
[2020-11-03T21:54:32.917Z][QUERY]: SELECT `kcu`.`TABLE_SCHEMA`, `kcu`.`TABLE_NAME`, `kcu`.`CONSTRAINT_NAME`, `kcu`.`COLUMN_NAME`, `kcu`.`REFERENCED_TABLE_SCHEMA`, `kcu`.`REFERENCED_TABLE_NAME`, `kcu`.`REFERENCED_COLUMN_NAME`, `rc`.`DELETE_RULE` `ON_DELETE`, `rc`.`UPDATE_RULE` `ON_UPDATE` FROM `INFORMATION_SCHEMA`.`KEY_COLUMN_USAGE` `kcu` INNER JOIN `INFORMATION_SCHEMA`.`REFERENTIAL_CONSTRAINTS` `rc` ON `rc`.`constraint_name` = `kcu`.`constraint_name` WHERE (`kcu`.`TABLE_SCHEMA` = 'nuber' AND `kcu`.`TABLE_NAME` = 'user')
[2020-11-03T21:54:32.923Z][QUERY]: SELECT * FROM `INFORMATION_SCHEMA`.`COLUMNS` WHERE `TABLE_SCHEMA` = 'nuber' AND `TABLE_NAME` = 'typeorm_metadata'
[2020-11-03T21:54:32.927Z][QUERY]: CREATE TABLE `user` (`id` int NOT NULL AUTO_INCREMENT, `email` text NOT NULL, `isEmailVerified` tinyint NOT NULL DEFAULT 0, `isPhoneVerified` tinyint NOT NULL DEFAULT 0, `firstName` text NOT NULL, `lastName` text NOT NULL, `age` int NOT NULL, `password` text NOT NULL, `phoneNumber` text NOT NULL, `profilePhoto` text NOT NULL, `updatedAt` datetime(6) NOT NULL DEFAULT CURRENT_TIMESTAMP(6), `createdAt` datetime(6) NOT NULL DEFAULT CURRENT_TIMESTAMP(6), `isDriving` tinyint NOT NULL DEFAULT 0, `isRiding` tinyint NOT NULL DEFAULT 0, `isTaken` tinyint NOT NULL DEFAULT 0, `lastLng` double NOT NULL, `lastLat` double NOT NULL, `lastOrientation` double NOT NULL, UNIQUE INDEX `IDX_e12875dfb3b1d92d7d7c5377e2` (`email`), PRIMARY KEY (`id`)) ENGINE=InnoDB
[2020-11-03T21:54:32.952Z][FAILED QUERY]: CREATE TABLE `user` (`id` int NOT NULL AUTO_INCREMENT, `email` text NOT NULL, `isEmailVerified` tinyint NOT NULL DEFAULT 0, `isPhoneVerified` tinyint NOT NULL DEFAULT 0, `firstName` text NOT NULL, `lastName` text NOT NULL, `age` int NOT NULL, `password` text NOT NULL, `phoneNumber` text NOT NULL, `profilePhoto` text NOT NULL, `updatedAt` datetime(6) NOT NULL DEFAULT CURRENT_TIMESTAMP(6), `createdAt` datetime(6) NOT NULL DEFAULT CURRENT_TIMESTAMP(6), `isDriving` tinyint NOT NULL DEFAULT 0, `isRiding` tinyint NOT NULL DEFAULT 0, `isTaken` tinyint NOT NULL DEFAULT 0, `lastLng` double NOT NULL, `lastLat` double NOT NULL, `lastOrientation` double NOT NULL, UNIQUE INDEX `IDX_e12875dfb3b1d92d7d7c5377e2` (`email`), PRIMARY KEY (`id`)) ENGINE=InnoDB
[2020-11-03T21:54:32.952Z][QUERY ERROR]: Error: ER_BLOB_KEY_WITHOUT_LENGTH: BLOB/TEXT column 'email' used in key specification without a key length
[2020-11-03T21:54:32.952Z][QUERY]: ROLLBACK
[2020-11-03T21:55:10.678Z][QUERY]: START TRANSACTION
[2020-11-03T21:55:10.680Z][QUERY]: SELECT DATABASE() AS `db_name`
[2020-11-03T21:55:10.681Z][QUERY]: SELECT * FROM `INFORMATION_SCHEMA`.`TABLES` WHERE (`TABLE_SCHEMA` = 'nuber' AND `TABLE_NAME` = 'user')
[2020-11-03T21:55:10.681Z][QUERY]: SELECT * FROM `INFORMATION_SCHEMA`.`COLUMNS` WHERE (`TABLE_SCHEMA` = 'nuber' AND `TABLE_NAME` = 'user')
[2020-11-03T21:55:10.681Z][QUERY]: SELECT * FROM `INFORMATION_SCHEMA`.`KEY_COLUMN_USAGE` WHERE `CONSTRAINT_NAME` = 'PRIMARY' AND ((`TABLE_SCHEMA` = 'nuber' AND `TABLE_NAME` = 'user'))
[2020-11-03T21:55:10.681Z][QUERY]: SELECT `SCHEMA_NAME`, `DEFAULT_CHARACTER_SET_NAME` as `CHARSET`, `DEFAULT_COLLATION_NAME` AS `COLLATION` FROM `INFORMATION_SCHEMA`.`SCHEMATA`
[2020-11-03T21:55:10.681Z][QUERY]: SELECT `s`.* FROM `INFORMATION_SCHEMA`.`STATISTICS` `s` LEFT JOIN `INFORMATION_SCHEMA`.`REFERENTIAL_CONSTRAINTS` `rc` ON `s`.`INDEX_NAME` = `rc`.`CONSTRAINT_NAME` AND `s`.`TABLE_SCHEMA` = `rc`.`CONSTRAINT_SCHEMA`WHERE ((`s`.`TABLE_SCHEMA` = 'nuber' AND `s`.`TABLE_NAME` = 'user')) AND `s`.`INDEX_NAME` != 'PRIMARY' AND `rc`.`CONSTRAINT_NAME` IS NULL
[2020-11-03T21:55:10.682Z][QUERY]: SELECT `kcu`.`TABLE_SCHEMA`, `kcu`.`TABLE_NAME`, `kcu`.`CONSTRAINT_NAME`, `kcu`.`COLUMN_NAME`, `kcu`.`REFERENCED_TABLE_SCHEMA`, `kcu`.`REFERENCED_TABLE_NAME`, `kcu`.`REFERENCED_COLUMN_NAME`, `rc`.`DELETE_RULE` `ON_DELETE`, `rc`.`UPDATE_RULE` `ON_UPDATE` FROM `INFORMATION_SCHEMA`.`KEY_COLUMN_USAGE` `kcu` INNER JOIN `INFORMATION_SCHEMA`.`REFERENTIAL_CONSTRAINTS` `rc` ON `rc`.`constraint_name` = `kcu`.`constraint_name` WHERE (`kcu`.`TABLE_SCHEMA` = 'nuber' AND `kcu`.`TABLE_NAME` = 'user')
[2020-11-03T21:55:10.691Z][QUERY]: SELECT * FROM `INFORMATION_SCHEMA`.`COLUMNS` WHERE `TABLE_SCHEMA` = 'nuber' AND `TABLE_NAME` = 'typeorm_metadata'
[2020-11-03T21:55:10.695Z][QUERY]: CREATE TABLE `user` (`id` int NOT NULL AUTO_INCREMENT, `email` text NOT NULL, `isEmailVerified` tinyint NOT NULL DEFAULT 0, `isPhoneVerified` tinyint NOT NULL DEFAULT 0, `firstName` text NOT NULL, `lastName` text NOT NULL, `age` int NOT NULL, `password` text NOT NULL, `phoneNumber` text NOT NULL, `profilePhoto` text NOT NULL, `updatedAt` datetime(6) NOT NULL DEFAULT CURRENT_TIMESTAMP(6), `createdAt` datetime(6) NOT NULL DEFAULT CURRENT_TIMESTAMP(6), `isDriving` tinyint NOT NULL DEFAULT 0, `isRiding` tinyint NOT NULL DEFAULT 0, `isTaken` tinyint NOT NULL DEFAULT 0, `lastLng` double NOT NULL, `lastLat` double NOT NULL, `lastOrientation` double NOT NULL, UNIQUE INDEX `IDX_e12875dfb3b1d92d7d7c5377e2` (`email`), PRIMARY KEY (`id`)) ENGINE=InnoDB
[2020-11-03T21:55:10.720Z][FAILED QUERY]: CREATE TABLE `user` (`id` int NOT NULL AUTO_INCREMENT, `email` text NOT NULL, `isEmailVerified` tinyint NOT NULL DEFAULT 0, `isPhoneVerified` tinyint NOT NULL DEFAULT 0, `firstName` text NOT NULL, `lastName` text NOT NULL, `age` int NOT NULL, `password` text NOT NULL, `phoneNumber` text NOT NULL, `profilePhoto` text NOT NULL, `updatedAt` datetime(6) NOT NULL DEFAULT CURRENT_TIMESTAMP(6), `createdAt` datetime(6) NOT NULL DEFAULT CURRENT_TIMESTAMP(6), `isDriving` tinyint NOT NULL DEFAULT 0, `isRiding` tinyint NOT NULL DEFAULT 0, `isTaken` tinyint NOT NULL DEFAULT 0, `lastLng` double NOT NULL, `lastLat` double NOT NULL, `lastOrientation` double NOT NULL, UNIQUE INDEX `IDX_e12875dfb3b1d92d7d7c5377e2` (`email`), PRIMARY KEY (`id`)) ENGINE=InnoDB
[2020-11-03T21:55:10.720Z][QUERY ERROR]: Error: ER_BLOB_KEY_WITHOUT_LENGTH: BLOB/TEXT column 'email' used in key specification without a key length
[2020-11-03T21:55:10.721Z][QUERY]: ROLLBACK
[2020-11-03T21:55:48.617Z][QUERY]: START TRANSACTION
[2020-11-03T21:55:48.618Z][QUERY]: SELECT DATABASE() AS `db_name`
[2020-11-03T21:55:48.619Z][QUERY]: SELECT * FROM `INFORMATION_SCHEMA`.`TABLES` WHERE (`TABLE_SCHEMA` = 'nuber' AND `TABLE_NAME` = 'user')
[2020-11-03T21:55:48.619Z][QUERY]: SELECT * FROM `INFORMATION_SCHEMA`.`COLUMNS` WHERE (`TABLE_SCHEMA` = 'nuber' AND `TABLE_NAME` = 'user')
[2020-11-03T21:55:48.620Z][QUERY]: SELECT * FROM `INFORMATION_SCHEMA`.`KEY_COLUMN_USAGE` WHERE `CONSTRAINT_NAME` = 'PRIMARY' AND ((`TABLE_SCHEMA` = 'nuber' AND `TABLE_NAME` = 'user'))
[2020-11-03T21:55:48.620Z][QUERY]: SELECT `SCHEMA_NAME`, `DEFAULT_CHARACTER_SET_NAME` as `CHARSET`, `DEFAULT_COLLATION_NAME` AS `COLLATION` FROM `INFORMATION_SCHEMA`.`SCHEMATA`
[2020-11-03T21:55:48.620Z][QUERY]: SELECT `s`.* FROM `INFORMATION_SCHEMA`.`STATISTICS` `s` LEFT JOIN `INFORMATION_SCHEMA`.`REFERENTIAL_CONSTRAINTS` `rc` ON `s`.`INDEX_NAME` = `rc`.`CONSTRAINT_NAME` AND `s`.`TABLE_SCHEMA` = `rc`.`CONSTRAINT_SCHEMA`WHERE ((`s`.`TABLE_SCHEMA` = 'nuber' AND `s`.`TABLE_NAME` = 'user')) AND `s`.`INDEX_NAME` != 'PRIMARY' AND `rc`.`CONSTRAINT_NAME` IS NULL
[2020-11-03T21:55:48.620Z][QUERY]: SELECT `kcu`.`TABLE_SCHEMA`, `kcu`.`TABLE_NAME`, `kcu`.`CONSTRAINT_NAME`, `kcu`.`COLUMN_NAME`, `kcu`.`REFERENCED_TABLE_SCHEMA`, `kcu`.`REFERENCED_TABLE_NAME`, `kcu`.`REFERENCED_COLUMN_NAME`, `rc`.`DELETE_RULE` `ON_DELETE`, `rc`.`UPDATE_RULE` `ON_UPDATE` FROM `INFORMATION_SCHEMA`.`KEY_COLUMN_USAGE` `kcu` INNER JOIN `INFORMATION_SCHEMA`.`REFERENTIAL_CONSTRAINTS` `rc` ON `rc`.`constraint_name` = `kcu`.`constraint_name` WHERE (`kcu`.`TABLE_SCHEMA` = 'nuber' AND `kcu`.`TABLE_NAME` = 'user')
[2020-11-03T21:55:48.625Z][QUERY]: SELECT * FROM `INFORMATION_SCHEMA`.`COLUMNS` WHERE `TABLE_SCHEMA` = 'nuber' AND `TABLE_NAME` = 'typeorm_metadata'
[2020-11-03T21:55:48.628Z][QUERY]: CREATE TABLE `user` (`id` int NOT NULL AUTO_INCREMENT, `email` text NOT NULL, `isEmailVerified` tinyint NOT NULL DEFAULT 0, `isPhoneVerified` tinyint NOT NULL DEFAULT 0, `firstName` text NOT NULL, `lastName` text NOT NULL, `age` int NOT NULL, `password` text NOT NULL, `phoneNumber` text NOT NULL, `profilePhoto` text NOT NULL, `updatedAt` datetime(6) NOT NULL DEFAULT CURRENT_TIMESTAMP(6), `createdAt` datetime(6) NOT NULL DEFAULT CURRENT_TIMESTAMP(6), `isDriving` tinyint NOT NULL DEFAULT 0, `isRiding` tinyint NOT NULL DEFAULT 0, `isTaken` tinyint NOT NULL DEFAULT 0, `lastLng` double NOT NULL, `lastLat` double NOT NULL, `lastOrientation` double NOT NULL, UNIQUE INDEX `IDX_e12875dfb3b1d92d7d7c5377e2` (`email`), PRIMARY KEY (`id`)) ENGINE=InnoDB
[2020-11-03T21:55:48.651Z][FAILED QUERY]: CREATE TABLE `user` (`id` int NOT NULL AUTO_INCREMENT, `email` text NOT NULL, `isEmailVerified` tinyint NOT NULL DEFAULT 0, `isPhoneVerified` tinyint NOT NULL DEFAULT 0, `firstName` text NOT NULL, `lastName` text NOT NULL, `age` int NOT NULL, `password` text NOT NULL, `phoneNumber` text NOT NULL, `profilePhoto` text NOT NULL, `updatedAt` datetime(6) NOT NULL DEFAULT CURRENT_TIMESTAMP(6), `createdAt` datetime(6) NOT NULL DEFAULT CURRENT_TIMESTAMP(6), `isDriving` tinyint NOT NULL DEFAULT 0, `isRiding` tinyint NOT NULL DEFAULT 0, `isTaken` tinyint NOT NULL DEFAULT 0, `lastLng` double NOT NULL, `lastLat` double NOT NULL, `lastOrientation` double NOT NULL, UNIQUE INDEX `IDX_e12875dfb3b1d92d7d7c5377e2` (`email`), PRIMARY KEY (`id`)) ENGINE=InnoDB
[2020-11-03T21:55:48.651Z][QUERY ERROR]: Error: ER_BLOB_KEY_WITHOUT_LENGTH: BLOB/TEXT column 'email' used in key specification without a key length
[2020-11-03T21:55:48.651Z][QUERY]: ROLLBACK
[2020-11-03T21:56:06.512Z][QUERY]: START TRANSACTION
[2020-11-03T21:56:06.514Z][QUERY]: SELECT DATABASE() AS `db_name`
[2020-11-03T21:56:06.515Z][QUERY]: SELECT * FROM `INFORMATION_SCHEMA`.`TABLES` WHERE (`TABLE_SCHEMA` = 'nuber' AND `TABLE_NAME` = 'user')
[2020-11-03T21:56:06.515Z][QUERY]: SELECT * FROM `INFORMATION_SCHEMA`.`COLUMNS` WHERE (`TABLE_SCHEMA` = 'nuber' AND `TABLE_NAME` = 'user')
[2020-11-03T21:56:06.515Z][QUERY]: SELECT * FROM `INFORMATION_SCHEMA`.`KEY_COLUMN_USAGE` WHERE `CONSTRAINT_NAME` = 'PRIMARY' AND ((`TABLE_SCHEMA` = 'nuber' AND `TABLE_NAME` = 'user'))
[2020-11-03T21:56:06.515Z][QUERY]: SELECT `SCHEMA_NAME`, `DEFAULT_CHARACTER_SET_NAME` as `CHARSET`, `DEFAULT_COLLATION_NAME` AS `COLLATION` FROM `INFORMATION_SCHEMA`.`SCHEMATA`
[2020-11-03T21:56:06.516Z][QUERY]: SELECT `s`.* FROM `INFORMATION_SCHEMA`.`STATISTICS` `s` LEFT JOIN `INFORMATION_SCHEMA`.`REFERENTIAL_CONSTRAINTS` `rc` ON `s`.`INDEX_NAME` = `rc`.`CONSTRAINT_NAME` AND `s`.`TABLE_SCHEMA` = `rc`.`CONSTRAINT_SCHEMA`WHERE ((`s`.`TABLE_SCHEMA` = 'nuber' AND `s`.`TABLE_NAME` = 'user')) AND `s`.`INDEX_NAME` != 'PRIMARY' AND `rc`.`CONSTRAINT_NAME` IS NULL
[2020-11-03T21:56:06.516Z][QUERY]: SELECT `kcu`.`TABLE_SCHEMA`, `kcu`.`TABLE_NAME`, `kcu`.`CONSTRAINT_NAME`, `kcu`.`COLUMN_NAME`, `kcu`.`REFERENCED_TABLE_SCHEMA`, `kcu`.`REFERENCED_TABLE_NAME`, `kcu`.`REFERENCED_COLUMN_NAME`, `rc`.`DELETE_RULE` `ON_DELETE`, `rc`.`UPDATE_RULE` `ON_UPDATE` FROM `INFORMATION_SCHEMA`.`KEY_COLUMN_USAGE` `kcu` INNER JOIN `INFORMATION_SCHEMA`.`REFERENTIAL_CONSTRAINTS` `rc` ON `rc`.`constraint_name` = `kcu`.`constraint_name` WHERE (`kcu`.`TABLE_SCHEMA` = 'nuber' AND `kcu`.`TABLE_NAME` = 'user')
[2020-11-03T21:56:06.523Z][QUERY]: SELECT * FROM `INFORMATION_SCHEMA`.`COLUMNS` WHERE `TABLE_SCHEMA` = 'nuber' AND `TABLE_NAME` = 'typeorm_metadata'
[2020-11-03T21:56:06.528Z][QUERY]: CREATE TABLE `user` (`id` int NOT NULL AUTO_INCREMENT, `email` text NOT NULL, `isEmailVerified` tinyint NOT NULL DEFAULT 0, `isPhoneVerified` tinyint NOT NULL DEFAULT 0, `firstName` text NOT NULL, `lastName` text NOT NULL, `age` int NOT NULL, `password` text NOT NULL, `phoneNumber` text NOT NULL, `profilePhoto` text NOT NULL, `updatedAt` datetime(6) NOT NULL DEFAULT CURRENT_TIMESTAMP(6), `createdAt` datetime(6) NOT NULL DEFAULT CURRENT_TIMESTAMP(6), `isDriving` tinyint NOT NULL DEFAULT 0, `isRiding` tinyint NOT NULL DEFAULT 0, `isTaken` tinyint NOT NULL DEFAULT 0, `lastLng` double NOT NULL, `lastLat` double NOT NULL, `lastOrientation` double NOT NULL, UNIQUE INDEX `IDX_e12875dfb3b1d92d7d7c5377e2` (`email`), PRIMARY KEY (`id`)) ENGINE=InnoDB
[2020-11-03T21:56:06.558Z][FAILED QUERY]: CREATE TABLE `user` (`id` int NOT NULL AUTO_INCREMENT, `email` text NOT NULL, `isEmailVerified` tinyint NOT NULL DEFAULT 0, `isPhoneVerified` tinyint NOT NULL DEFAULT 0, `firstName` text NOT NULL, `lastName` text NOT NULL, `age` int NOT NULL, `password` text NOT NULL, `phoneNumber` text NOT NULL, `profilePhoto` text NOT NULL, `updatedAt` datetime(6) NOT NULL DEFAULT CURRENT_TIMESTAMP(6), `createdAt` datetime(6) NOT NULL DEFAULT CURRENT_TIMESTAMP(6), `isDriving` tinyint NOT NULL DEFAULT 0, `isRiding` tinyint NOT NULL DEFAULT 0, `isTaken` tinyint NOT NULL DEFAULT 0, `lastLng` double NOT NULL, `lastLat` double NOT NULL, `lastOrientation` double NOT NULL, UNIQUE INDEX `IDX_e12875dfb3b1d92d7d7c5377e2` (`email`), PRIMARY KEY (`id`)) ENGINE=InnoDB
[2020-11-03T21:56:06.558Z][QUERY ERROR]: Error: ER_BLOB_KEY_WITHOUT_LENGTH: BLOB/TEXT column 'email' used in key specification without a key length
[2020-11-03T21:56:06.559Z][QUERY]: ROLLBACK
[2020-11-03T21:56:11.830Z][QUERY]: START TRANSACTION
[2020-11-03T21:56:11.831Z][QUERY]: SELECT DATABASE() AS `db_name`
[2020-11-03T21:56:11.832Z][QUERY]: SELECT * FROM `INFORMATION_SCHEMA`.`TABLES` WHERE (`TABLE_SCHEMA` = 'nuber' AND `TABLE_NAME` = 'user')
[2020-11-03T21:56:11.833Z][QUERY]: SELECT * FROM `INFORMATION_SCHEMA`.`COLUMNS` WHERE (`TABLE_SCHEMA` = 'nuber' AND `TABLE_NAME` = 'user')
[2020-11-03T21:56:11.833Z][QUERY]: SELECT * FROM `INFORMATION_SCHEMA`.`KEY_COLUMN_USAGE` WHERE `CONSTRAINT_NAME` = 'PRIMARY' AND ((`TABLE_SCHEMA` = 'nuber' AND `TABLE_NAME` = 'user'))
[2020-11-03T21:56:11.833Z][QUERY]: SELECT `SCHEMA_NAME`, `DEFAULT_CHARACTER_SET_NAME` as `CHARSET`, `DEFAULT_COLLATION_NAME` AS `COLLATION` FROM `INFORMATION_SCHEMA`.`SCHEMATA`
[2020-11-03T21:56:11.833Z][QUERY]: SELECT `s`.* FROM `INFORMATION_SCHEMA`.`STATISTICS` `s` LEFT JOIN `INFORMATION_SCHEMA`.`REFERENTIAL_CONSTRAINTS` `rc` ON `s`.`INDEX_NAME` = `rc`.`CONSTRAINT_NAME` AND `s`.`TABLE_SCHEMA` = `rc`.`CONSTRAINT_SCHEMA`WHERE ((`s`.`TABLE_SCHEMA` = 'nuber' AND `s`.`TABLE_NAME` = 'user')) AND `s`.`INDEX_NAME` != 'PRIMARY' AND `rc`.`CONSTRAINT_NAME` IS NULL
[2020-11-03T21:56:11.833Z][QUERY]: SELECT `kcu`.`TABLE_SCHEMA`, `kcu`.`TABLE_NAME`, `kcu`.`CONSTRAINT_NAME`, `kcu`.`COLUMN_NAME`, `kcu`.`REFERENCED_TABLE_SCHEMA`, `kcu`.`REFERENCED_TABLE_NAME`, `kcu`.`REFERENCED_COLUMN_NAME`, `rc`.`DELETE_RULE` `ON_DELETE`, `rc`.`UPDATE_RULE` `ON_UPDATE` FROM `INFORMATION_SCHEMA`.`KEY_COLUMN_USAGE` `kcu` INNER JOIN `INFORMATION_SCHEMA`.`REFERENTIAL_CONSTRAINTS` `rc` ON `rc`.`constraint_name` = `kcu`.`constraint_name` WHERE (`kcu`.`TABLE_SCHEMA` = 'nuber' AND `kcu`.`TABLE_NAME` = 'user')
[2020-11-03T21:56:11.838Z][QUERY]: SELECT * FROM `INFORMATION_SCHEMA`.`COLUMNS` WHERE `TABLE_SCHEMA` = 'nuber' AND `TABLE_NAME` = 'typeorm_metadata'
[2020-11-03T21:56:11.841Z][QUERY]: CREATE TABLE `user` (`id` int NOT NULL AUTO_INCREMENT, `email` text NOT NULL, `isEmailVerified` tinyint NOT NULL DEFAULT 0, `isPhoneVerified` tinyint NOT NULL DEFAULT 0, `firstName` text NOT NULL, `lastName` text NOT NULL, `age` int NOT NULL, `password` text NOT NULL, `phoneNumber` text NOT NULL, `profilePhoto` text NOT NULL, `updatedAt` datetime(6) NOT NULL DEFAULT CURRENT_TIMESTAMP(6), `createdAt` datetime(6) NOT NULL DEFAULT CURRENT_TIMESTAMP(6), `isDriving` tinyint NOT NULL DEFAULT 0, `isRiding` tinyint NOT NULL DEFAULT 0, `isTaken` tinyint NOT NULL DEFAULT 0, `lastLng` double NOT NULL, `lastLat` double NOT NULL, `lastOrientation` double NOT NULL, UNIQUE INDEX `IDX_e12875dfb3b1d92d7d7c5377e2` (`email`), PRIMARY KEY (`id`)) ENGINE=InnoDB
[2020-11-03T21:56:11.862Z][FAILED QUERY]: CREATE TABLE `user` (`id` int NOT NULL AUTO_INCREMENT, `email` text NOT NULL, `isEmailVerified` tinyint NOT NULL DEFAULT 0, `isPhoneVerified` tinyint NOT NULL DEFAULT 0, `firstName` text NOT NULL, `lastName` text NOT NULL, `age` int NOT NULL, `password` text NOT NULL, `phoneNumber` text NOT NULL, `profilePhoto` text NOT NULL, `updatedAt` datetime(6) NOT NULL DEFAULT CURRENT_TIMESTAMP(6), `createdAt` datetime(6) NOT NULL DEFAULT CURRENT_TIMESTAMP(6), `isDriving` tinyint NOT NULL DEFAULT 0, `isRiding` tinyint NOT NULL DEFAULT 0, `isTaken` tinyint NOT NULL DEFAULT 0, `lastLng` double NOT NULL, `lastLat` double NOT NULL, `lastOrientation` double NOT NULL, UNIQUE INDEX `IDX_e12875dfb3b1d92d7d7c5377e2` (`email`), PRIMARY KEY (`id`)) ENGINE=InnoDB
[2020-11-03T21:56:11.862Z][QUERY ERROR]: Error: ER_BLOB_KEY_WITHOUT_LENGTH: BLOB/TEXT column 'email' used in key specification without a key length
[2020-11-03T21:56:11.863Z][QUERY]: ROLLBACK
[2020-11-03T21:56:35.776Z][QUERY]: START TRANSACTION
[2020-11-03T21:56:35.777Z][QUERY]: SELECT DATABASE() AS `db_name`
[2020-11-03T21:56:35.778Z][QUERY]: SELECT * FROM `INFORMATION_SCHEMA`.`TABLES` WHERE (`TABLE_SCHEMA` = 'nuber' AND `TABLE_NAME` = 'user')
[2020-11-03T21:56:35.778Z][QUERY]: SELECT * FROM `INFORMATION_SCHEMA`.`COLUMNS` WHERE (`TABLE_SCHEMA` = 'nuber' AND `TABLE_NAME` = 'user')
[2020-11-03T21:56:35.778Z][QUERY]: SELECT * FROM `INFORMATION_SCHEMA`.`KEY_COLUMN_USAGE` WHERE `CONSTRAINT_NAME` = 'PRIMARY' AND ((`TABLE_SCHEMA` = 'nuber' AND `TABLE_NAME` = 'user'))
[2020-11-03T21:56:35.778Z][QUERY]: SELECT `SCHEMA_NAME`, `DEFAULT_CHARACTER_SET_NAME` as `CHARSET`, `DEFAULT_COLLATION_NAME` AS `COLLATION` FROM `INFORMATION_SCHEMA`.`SCHEMATA`
[2020-11-03T21:56:35.779Z][QUERY]: SELECT `s`.* FROM `INFORMATION_SCHEMA`.`STATISTICS` `s` LEFT JOIN `INFORMATION_SCHEMA`.`REFERENTIAL_CONSTRAINTS` `rc` ON `s`.`INDEX_NAME` = `rc`.`CONSTRAINT_NAME` AND `s`.`TABLE_SCHEMA` = `rc`.`CONSTRAINT_SCHEMA`WHERE ((`s`.`TABLE_SCHEMA` = 'nuber' AND `s`.`TABLE_NAME` = 'user')) AND `s`.`INDEX_NAME` != 'PRIMARY' AND `rc`.`CONSTRAINT_NAME` IS NULL
[2020-11-03T21:56:35.779Z][QUERY]: SELECT `kcu`.`TABLE_SCHEMA`, `kcu`.`TABLE_NAME`, `kcu`.`CONSTRAINT_NAME`, `kcu`.`COLUMN_NAME`, `kcu`.`REFERENCED_TABLE_SCHEMA`, `kcu`.`REFERENCED_TABLE_NAME`, `kcu`.`REFERENCED_COLUMN_NAME`, `rc`.`DELETE_RULE` `ON_DELETE`, `rc`.`UPDATE_RULE` `ON_UPDATE` FROM `INFORMATION_SCHEMA`.`KEY_COLUMN_USAGE` `kcu` INNER JOIN `INFORMATION_SCHEMA`.`REFERENTIAL_CONSTRAINTS` `rc` ON `rc`.`constraint_name` = `kcu`.`constraint_name` WHERE (`kcu`.`TABLE_SCHEMA` = 'nuber' AND `kcu`.`TABLE_NAME` = 'user')
[2020-11-03T21:56:35.783Z][QUERY]: SELECT * FROM `INFORMATION_SCHEMA`.`COLUMNS` WHERE `TABLE_SCHEMA` = 'nuber' AND `TABLE_NAME` = 'typeorm_metadata'
[2020-11-03T21:56:35.787Z][QUERY]: CREATE TABLE `user` (`id` int NOT NULL AUTO_INCREMENT, `email` text NOT NULL, `isEmailVerified` tinyint NOT NULL DEFAULT 0, `isPhoneVerified` tinyint NOT NULL DEFAULT 0, `firstName` text NOT NULL, `lastName` text NOT NULL, `age` int NOT NULL, `password` text NOT NULL, `phoneNumber` text NOT NULL, `profilePhoto` text NOT NULL, `updatedAt` datetime(6) NOT NULL DEFAULT CURRENT_TIMESTAMP(6), `createdAt` datetime(6) NOT NULL DEFAULT CURRENT_TIMESTAMP(6), `isDriving` tinyint NOT NULL DEFAULT 0, `isRiding` tinyint NOT NULL DEFAULT 0, `isTaken` tinyint NOT NULL DEFAULT 0, `lastLng` double NOT NULL, `lastLat` double NOT NULL, `lastOrientation` double NOT NULL, UNIQUE INDEX `IDX_e12875dfb3b1d92d7d7c5377e2` (`email`), PRIMARY KEY (`id`)) ENGINE=InnoDB
[2020-11-03T21:56:35.810Z][FAILED QUERY]: CREATE TABLE `user` (`id` int NOT NULL AUTO_INCREMENT, `email` text NOT NULL, `isEmailVerified` tinyint NOT NULL DEFAULT 0, `isPhoneVerified` tinyint NOT NULL DEFAULT 0, `firstName` text NOT NULL, `lastName` text NOT NULL, `age` int NOT NULL, `password` text NOT NULL, `phoneNumber` text NOT NULL, `profilePhoto` text NOT NULL, `updatedAt` datetime(6) NOT NULL DEFAULT CURRENT_TIMESTAMP(6), `createdAt` datetime(6) NOT NULL DEFAULT CURRENT_TIMESTAMP(6), `isDriving` tinyint NOT NULL DEFAULT 0, `isRiding` tinyint NOT NULL DEFAULT 0, `isTaken` tinyint NOT NULL DEFAULT 0, `lastLng` double NOT NULL, `lastLat` double NOT NULL, `lastOrientation` double NOT NULL, UNIQUE INDEX `IDX_e12875dfb3b1d92d7d7c5377e2` (`email`), PRIMARY KEY (`id`)) ENGINE=InnoDB
[2020-11-03T21:56:35.810Z][QUERY ERROR]: Error: ER_BLOB_KEY_WITHOUT_LENGTH: BLOB/TEXT column 'email' used in key specification without a key length
[2020-11-03T21:56:35.810Z][QUERY]: ROLLBACK
[2020-11-03T21:56:40.429Z][QUERY]: START TRANSACTION
[2020-11-03T21:56:40.431Z][QUERY]: SELECT DATABASE() AS `db_name`
[2020-11-03T21:56:40.432Z][QUERY]: SELECT * FROM `INFORMATION_SCHEMA`.`TABLES` WHERE (`TABLE_SCHEMA` = 'nuber' AND `TABLE_NAME` = 'user')
[2020-11-03T21:56:40.432Z][QUERY]: SELECT * FROM `INFORMATION_SCHEMA`.`COLUMNS` WHERE (`TABLE_SCHEMA` = 'nuber' AND `TABLE_NAME` = 'user')
[2020-11-03T21:56:40.432Z][QUERY]: SELECT * FROM `INFORMATION_SCHEMA`.`KEY_COLUMN_USAGE` WHERE `CONSTRAINT_NAME` = 'PRIMARY' AND ((`TABLE_SCHEMA` = 'nuber' AND `TABLE_NAME` = 'user'))
[2020-11-03T21:56:40.433Z][QUERY]: SELECT `SCHEMA_NAME`, `DEFAULT_CHARACTER_SET_NAME` as `CHARSET`, `DEFAULT_COLLATION_NAME` AS `COLLATION` FROM `INFORMATION_SCHEMA`.`SCHEMATA`
[2020-11-03T21:56:40.433Z][QUERY]: SELECT `s`.* FROM `INFORMATION_SCHEMA`.`STATISTICS` `s` LEFT JOIN `INFORMATION_SCHEMA`.`REFERENTIAL_CONSTRAINTS` `rc` ON `s`.`INDEX_NAME` = `rc`.`CONSTRAINT_NAME` AND `s`.`TABLE_SCHEMA` = `rc`.`CONSTRAINT_SCHEMA`WHERE ((`s`.`TABLE_SCHEMA` = 'nuber' AND `s`.`TABLE_NAME` = 'user')) AND `s`.`INDEX_NAME` != 'PRIMARY' AND `rc`.`CONSTRAINT_NAME` IS NULL
[2020-11-03T21:56:40.433Z][QUERY]: SELECT `kcu`.`TABLE_SCHEMA`, `kcu`.`TABLE_NAME`, `kcu`.`CONSTRAINT_NAME`, `kcu`.`COLUMN_NAME`, `kcu`.`REFERENCED_TABLE_SCHEMA`, `kcu`.`REFERENCED_TABLE_NAME`, `kcu`.`REFERENCED_COLUMN_NAME`, `rc`.`DELETE_RULE` `ON_DELETE`, `rc`.`UPDATE_RULE` `ON_UPDATE` FROM `INFORMATION_SCHEMA`.`KEY_COLUMN_USAGE` `kcu` INNER JOIN `INFORMATION_SCHEMA`.`REFERENTIAL_CONSTRAINTS` `rc` ON `rc`.`constraint_name` = `kcu`.`constraint_name` WHERE (`kcu`.`TABLE_SCHEMA` = 'nuber' AND `kcu`.`TABLE_NAME` = 'user')
[2020-11-03T21:56:40.438Z][QUERY]: SELECT * FROM `INFORMATION_SCHEMA`.`COLUMNS` WHERE `TABLE_SCHEMA` = 'nuber' AND `TABLE_NAME` = 'typeorm_metadata'
[2020-11-03T21:56:40.441Z][QUERY]: CREATE TABLE `user` (`id` int NOT NULL AUTO_INCREMENT, `email` text NOT NULL, `isEmailVerified` tinyint NOT NULL DEFAULT 0, `isPhoneVerified` tinyint NOT NULL DEFAULT 0, `firstName` text NOT NULL, `lastName` text NOT NULL, `age` int NOT NULL, `password` text NOT NULL, `phoneNumber` text NOT NULL, `profilePhoto` text NOT NULL, `updatedAt` datetime(6) NOT NULL DEFAULT CURRENT_TIMESTAMP(6), `createdAt` datetime(6) NOT NULL DEFAULT CURRENT_TIMESTAMP(6), `isDriving` tinyint NOT NULL DEFAULT 0, `isRiding` tinyint NOT NULL DEFAULT 0, `isTaken` tinyint NOT NULL DEFAULT 0, `lastLng` double NOT NULL, `lastLat` double NOT NULL, `lastOrientation` double NOT NULL, UNIQUE INDEX `IDX_e12875dfb3b1d92d7d7c5377e2` (`email`), PRIMARY KEY (`id`)) ENGINE=InnoDB
[2020-11-03T21:56:40.464Z][FAILED QUERY]: CREATE TABLE `user` (`id` int NOT NULL AUTO_INCREMENT, `email` text NOT NULL, `isEmailVerified` tinyint NOT NULL DEFAULT 0, `isPhoneVerified` tinyint NOT NULL DEFAULT 0, `firstName` text NOT NULL, `lastName` text NOT NULL, `age` int NOT NULL, `password` text NOT NULL, `phoneNumber` text NOT NULL, `profilePhoto` text NOT NULL, `updatedAt` datetime(6) NOT NULL DEFAULT CURRENT_TIMESTAMP(6), `createdAt` datetime(6) NOT NULL DEFAULT CURRENT_TIMESTAMP(6), `isDriving` tinyint NOT NULL DEFAULT 0, `isRiding` tinyint NOT NULL DEFAULT 0, `isTaken` tinyint NOT NULL DEFAULT 0, `lastLng` double NOT NULL, `lastLat` double NOT NULL, `lastOrientation` double NOT NULL, UNIQUE INDEX `IDX_e12875dfb3b1d92d7d7c5377e2` (`email`), PRIMARY KEY (`id`)) ENGINE=InnoDB
[2020-11-03T21:56:40.464Z][QUERY ERROR]: Error: ER_BLOB_KEY_WITHOUT_LENGTH: BLOB/TEXT column 'email' used in key specification without a key length
[2020-11-03T21:56:40.465Z][QUERY]: ROLLBACK
[2020-11-03T21:57:12.098Z][QUERY]: START TRANSACTION
[2020-11-03T21:57:12.099Z][QUERY]: SELECT DATABASE() AS `db_name`
[2020-11-03T21:57:12.101Z][QUERY]: SELECT * FROM `INFORMATION_SCHEMA`.`TABLES` WHERE (`TABLE_SCHEMA` = 'nuber' AND `TABLE_NAME` = 'user')
[2020-11-03T21:57:12.101Z][QUERY]: SELECT * FROM `INFORMATION_SCHEMA`.`COLUMNS` WHERE (`TABLE_SCHEMA` = 'nuber' AND `TABLE_NAME` = 'user')
[2020-11-03T21:57:12.101Z][QUERY]: SELECT * FROM `INFORMATION_SCHEMA`.`KEY_COLUMN_USAGE` WHERE `CONSTRAINT_NAME` = 'PRIMARY' AND ((`TABLE_SCHEMA` = 'nuber' AND `TABLE_NAME` = 'user'))
[2020-11-03T21:57:12.101Z][QUERY]: SELECT `SCHEMA_NAME`, `DEFAULT_CHARACTER_SET_NAME` as `CHARSET`, `DEFAULT_COLLATION_NAME` AS `COLLATION` FROM `INFORMATION_SCHEMA`.`SCHEMATA`
[2020-11-03T21:57:12.101Z][QUERY]: SELECT `s`.* FROM `INFORMATION_SCHEMA`.`STATISTICS` `s` LEFT JOIN `INFORMATION_SCHEMA`.`REFERENTIAL_CONSTRAINTS` `rc` ON `s`.`INDEX_NAME` = `rc`.`CONSTRAINT_NAME` AND `s`.`TABLE_SCHEMA` = `rc`.`CONSTRAINT_SCHEMA`WHERE ((`s`.`TABLE_SCHEMA` = 'nuber' AND `s`.`TABLE_NAME` = 'user')) AND `s`.`INDEX_NAME` != 'PRIMARY' AND `rc`.`CONSTRAINT_NAME` IS NULL
[2020-11-03T21:57:12.102Z][QUERY]: SELECT `kcu`.`TABLE_SCHEMA`, `kcu`.`TABLE_NAME`, `kcu`.`CONSTRAINT_NAME`, `kcu`.`COLUMN_NAME`, `kcu`.`REFERENCED_TABLE_SCHEMA`, `kcu`.`REFERENCED_TABLE_NAME`, `kcu`.`REFERENCED_COLUMN_NAME`, `rc`.`DELETE_RULE` `ON_DELETE`, `rc`.`UPDATE_RULE` `ON_UPDATE` FROM `INFORMATION_SCHEMA`.`KEY_COLUMN_USAGE` `kcu` INNER JOIN `INFORMATION_SCHEMA`.`REFERENTIAL_CONSTRAINTS` `rc` ON `rc`.`constraint_name` = `kcu`.`constraint_name` WHERE (`kcu`.`TABLE_SCHEMA` = 'nuber' AND `kcu`.`TABLE_NAME` = 'user')
[2020-11-03T21:57:12.107Z][QUERY]: SELECT * FROM `INFORMATION_SCHEMA`.`COLUMNS` WHERE `TABLE_SCHEMA` = 'nuber' AND `TABLE_NAME` = 'typeorm_metadata'
[2020-11-03T21:57:12.111Z][QUERY]: CREATE TABLE `user` (`id` int NOT NULL AUTO_INCREMENT, `email` text NOT NULL, `isEmailVerified` tinyint NOT NULL DEFAULT 0, `isPhoneVerified` tinyint NOT NULL DEFAULT 0, `firstName` text NOT NULL, `lastName` text NOT NULL, `age` int NOT NULL, `password` text NOT NULL, `phoneNumber` text NOT NULL, `profilePhoto` text NOT NULL, `updatedAt` datetime(6) NOT NULL DEFAULT CURRENT_TIMESTAMP(6), `createdAt` datetime(6) NOT NULL DEFAULT CURRENT_TIMESTAMP(6), `isDriving` tinyint NOT NULL DEFAULT 0, `isRiding` tinyint NOT NULL DEFAULT 0, `isTaken` tinyint NOT NULL DEFAULT 0, `lastLng` double NOT NULL, `lastLat` double NOT NULL, `lastOrientation` double NOT NULL, UNIQUE INDEX `IDX_e12875dfb3b1d92d7d7c5377e2` (`email`), PRIMARY KEY (`id`)) ENGINE=InnoDB
[2020-11-03T21:57:12.142Z][FAILED QUERY]: CREATE TABLE `user` (`id` int NOT NULL AUTO_INCREMENT, `email` text NOT NULL, `isEmailVerified` tinyint NOT NULL DEFAULT 0, `isPhoneVerified` tinyint NOT NULL DEFAULT 0, `firstName` text NOT NULL, `lastName` text NOT NULL, `age` int NOT NULL, `password` text NOT NULL, `phoneNumber` text NOT NULL, `profilePhoto` text NOT NULL, `updatedAt` datetime(6) NOT NULL DEFAULT CURRENT_TIMESTAMP(6), `createdAt` datetime(6) NOT NULL DEFAULT CURRENT_TIMESTAMP(6), `isDriving` tinyint NOT NULL DEFAULT 0, `isRiding` tinyint NOT NULL DEFAULT 0, `isTaken` tinyint NOT NULL DEFAULT 0, `lastLng` double NOT NULL, `lastLat` double NOT NULL, `lastOrientation` double NOT NULL, UNIQUE INDEX `IDX_e12875dfb3b1d92d7d7c5377e2` (`email`), PRIMARY KEY (`id`)) ENGINE=InnoDB
[2020-11-03T21:57:12.142Z][QUERY ERROR]: Error: ER_BLOB_KEY_WITHOUT_LENGTH: BLOB/TEXT column 'email' used in key specification without a key length
[2020-11-03T21:57:12.142Z][QUERY]: ROLLBACK
[2020-11-03T21:58:16.934Z][QUERY]: START TRANSACTION
[2020-11-03T21:58:16.935Z][QUERY]: SELECT DATABASE() AS `db_name`
[2020-11-03T21:58:16.937Z][QUERY]: SELECT * FROM `INFORMATION_SCHEMA`.`TABLES` WHERE (`TABLE_SCHEMA` = 'nuber' AND `TABLE_NAME` = 'user')
[2020-11-03T21:58:16.937Z][QUERY]: SELECT * FROM `INFORMATION_SCHEMA`.`COLUMNS` WHERE (`TABLE_SCHEMA` = 'nuber' AND `TABLE_NAME` = 'user')
[2020-11-03T21:58:16.937Z][QUERY]: SELECT * FROM `INFORMATION_SCHEMA`.`KEY_COLUMN_USAGE` WHERE `CONSTRAINT_NAME` = 'PRIMARY' AND ((`TABLE_SCHEMA` = 'nuber' AND `TABLE_NAME` = 'user'))
[2020-11-03T21:58:16.937Z][QUERY]: SELECT `SCHEMA_NAME`, `DEFAULT_CHARACTER_SET_NAME` as `CHARSET`, `DEFAULT_COLLATION_NAME` AS `COLLATION` FROM `INFORMATION_SCHEMA`.`SCHEMATA`
[2020-11-03T21:58:16.937Z][QUERY]: SELECT `s`.* FROM `INFORMATION_SCHEMA`.`STATISTICS` `s` LEFT JOIN `INFORMATION_SCHEMA`.`REFERENTIAL_CONSTRAINTS` `rc` ON `s`.`INDEX_NAME` = `rc`.`CONSTRAINT_NAME` AND `s`.`TABLE_SCHEMA` = `rc`.`CONSTRAINT_SCHEMA`WHERE ((`s`.`TABLE_SCHEMA` = 'nuber' AND `s`.`TABLE_NAME` = 'user')) AND `s`.`INDEX_NAME` != 'PRIMARY' AND `rc`.`CONSTRAINT_NAME` IS NULL
[2020-11-03T21:58:16.937Z][QUERY]: SELECT `kcu`.`TABLE_SCHEMA`, `kcu`.`TABLE_NAME`, `kcu`.`CONSTRAINT_NAME`, `kcu`.`COLUMN_NAME`, `kcu`.`REFERENCED_TABLE_SCHEMA`, `kcu`.`REFERENCED_TABLE_NAME`, `kcu`.`REFERENCED_COLUMN_NAME`, `rc`.`DELETE_RULE` `ON_DELETE`, `rc`.`UPDATE_RULE` `ON_UPDATE` FROM `INFORMATION_SCHEMA`.`KEY_COLUMN_USAGE` `kcu` INNER JOIN `INFORMATION_SCHEMA`.`REFERENTIAL_CONSTRAINTS` `rc` ON `rc`.`constraint_name` = `kcu`.`constraint_name` WHERE (`kcu`.`TABLE_SCHEMA` = 'nuber' AND `kcu`.`TABLE_NAME` = 'user')
[2020-11-03T21:58:16.943Z][QUERY]: SELECT * FROM `INFORMATION_SCHEMA`.`COLUMNS` WHERE `TABLE_SCHEMA` = 'nuber' AND `TABLE_NAME` = 'typeorm_metadata'
[2020-11-03T21:58:16.948Z][QUERY]: CREATE TABLE `user` (`id` int NOT NULL AUTO_INCREMENT, `email` text NOT NULL, `isEmailVerified` tinyint NOT NULL DEFAULT 0, `isPhoneVerified` tinyint NOT NULL DEFAULT 0, `firstName` text NOT NULL, `lastName` text NOT NULL, `age` int NOT NULL, `password` text NOT NULL, `phoneNumber` text NOT NULL, `profilePhoto` text NOT NULL, `updatedAt` datetime(6) NOT NULL DEFAULT CURRENT_TIMESTAMP(6), `createdAt` datetime(6) NOT NULL DEFAULT CURRENT_TIMESTAMP(6), `isDriving` tinyint NOT NULL DEFAULT 0, `isRiding` tinyint NOT NULL DEFAULT 0, `isTaken` tinyint NOT NULL DEFAULT 0, `lastLng` double NOT NULL, `lastLat` double NOT NULL, `lastOrientation` double NOT NULL, UNIQUE INDEX `IDX_e12875dfb3b1d92d7d7c5377e2` (`email`), PRIMARY KEY (`id`)) ENGINE=InnoDB
[2020-11-03T21:58:16.973Z][FAILED QUERY]: CREATE TABLE `user` (`id` int NOT NULL AUTO_INCREMENT, `email` text NOT NULL, `isEmailVerified` tinyint NOT NULL DEFAULT 0, `isPhoneVerified` tinyint NOT NULL DEFAULT 0, `firstName` text NOT NULL, `lastName` text NOT NULL, `age` int NOT NULL, `password` text NOT NULL, `phoneNumber` text NOT NULL, `profilePhoto` text NOT NULL, `updatedAt` datetime(6) NOT NULL DEFAULT CURRENT_TIMESTAMP(6), `createdAt` datetime(6) NOT NULL DEFAULT CURRENT_TIMESTAMP(6), `isDriving` tinyint NOT NULL DEFAULT 0, `isRiding` tinyint NOT NULL DEFAULT 0, `isTaken` tinyint NOT NULL DEFAULT 0, `lastLng` double NOT NULL, `lastLat` double NOT NULL, `lastOrientation` double NOT NULL, UNIQUE INDEX `IDX_e12875dfb3b1d92d7d7c5377e2` (`email`), PRIMARY KEY (`id`)) ENGINE=InnoDB
[2020-11-03T21:58:16.973Z][QUERY ERROR]: Error: ER_BLOB_KEY_WITHOUT_LENGTH: BLOB/TEXT column 'email' used in key specification without a key length
[2020-11-03T21:58:16.974Z][QUERY]: ROLLBACK
